Log file open, 01/26/18 16:19:26
LogInit:Display: Running engine for game: ProgGame
LogPlatformFile: Not using cached read wrapper
LogInit:Display: RandInit(49169845) SRandInit(49169845).
LogTaskGraph: Started task graph with 5 named threads and 8 total threads with 1 sets of task threads.
LogStats: Stats thread started at 0.112785
LogInit: Using libcurl 7.47.1
LogInit:  - built for x86_64-pc-win32
LogInit:  - supports SSL with OpenSSL/1.0.2g
LogInit:  - supports HTTP deflate (compression) using libz 1.2.8
LogInit:  - other features:
LogInit:      CURL_VERSION_SSL
LogInit:      CURL_VERSION_LIBZ
LogInit:      CURL_VERSION_IPV6
LogInit:      CURL_VERSION_ASYNCHDNS
LogInit:      CURL_VERSION_LARGEFILE
LogInit:      CURL_VERSION_IDN
LogInit:  CurlRequestOptions (configurable via config and command line):
LogInit:  - bVerifyPeer = false  - Libcurl will NOT verify peer certificate
LogInit:  - bUseHttpProxy = false  - Libcurl will NOT use HTTP proxy
LogInit:  - bDontReuseConnections = false  - Libcurl will reuse connections
LogInit:  - CertBundlePath = nullptr  - Libcurl will use whatever was configured at build time.
LogInit: Build: ++UE4+Release-4.16-CL-3561208
LogInit: Engine Version: 4.16.3-3561208+++UE4+Release-4.16
LogInit: Compatible Engine Version: 4.16.0-3452394+++UE4+Release-4.16
LogInit: Net CL: 3452394
LogDevObjectVersion: Number of dev versions registered: 16
LogDevObjectVersion:   Dev-Blueprints (B0D832E4-1F89-4F0D-ACCF-7EB736FD4AA2): 9
LogDevObjectVersion:   Dev-Build (E1C64328-A22C-4D53-A36C-8E866417BD8C): 0
LogDevObjectVersion:   Dev-Core (375EC13C-06E4-48FB-B500-84F0262A717E): 2
LogDevObjectVersion:   Dev-Editor (E4B068ED-F494-42E9-A231-DA0B2E46BB41): 17
LogDevObjectVersion:   Dev-Framework (CFFC743F-43B0-4480-9391-14DF171D2073): 23
LogDevObjectVersion:   Dev-Mobile (B02B49B5-BB20-44E9-A304-32B752E40360): 0
LogDevObjectVersion:   Dev-Networking (A4E4105C-59A1-49B5-A7C5-40C4547EDFEE): 0
LogDevObjectVersion:   Dev-Online (39C831C9-5AE6-47DC-9A44-9C173E1C8E7C): 0
LogDevObjectVersion:   Dev-Physics (78F01B33-EBEA-4F98-B9B4-84EACCB95AA2): 0
LogDevObjectVersion:   Dev-Platform (6631380F-2D4D-43E0-8009-CF276956A95A): 0
LogDevObjectVersion:   Dev-Rendering (12F88B9F-8875-4AFC-A67C-D90C383ABD29): 15
LogDevObjectVersion:   Dev-Sequencer (7B5AE74C-D270-4C10-A958-57980B212A5A): 4
LogDevObjectVersion:   Dev-VR (D7296918-1DD6-4BDD-9DE2-64A83CC13884): 0
LogDevObjectVersion:   Dev-LoadTimes (C2A15278-BFE7-4AFE-6C17-90FF531DF755): 1
LogDevObjectVersion:   Private-Geometry (6EACA3D4-40EC-4CC1-B786-8BED09428FC5): 1
LogDevObjectVersion:   Dev-AnimPhys (29E575DD-E0A3-4627-9D10-D276232CDCEA): 3
LogInit: Compiled (64-bit): Jul 28 2017 11:49:47
LogInit: Compiled with Visual C++: 19.00.24215.01
LogInit: Build Configuration: Development
LogInit: Branch Name: ++UE4+Release-4.16
LogInit: Command line:  
LogInit: Base directory: C:/Program Files/Epic Games/UE_4.16/Engine/Binaries/Win64/
LogInit: Installed Engine Build: 1
LogInit: Presizing for max 8388607 objects, including 0 objects not considered by GC, pre-allocating 0 bytes for permanent pool.
LogInit: Object subsystem initialized
[2018.01.26-21.19.26:715][  0]LogInit: Selected Device Profile: [Windows]
[2018.01.26-21.19.26:715][  0]LogInit: Applying CVar settings loaded from the selected device profile: [Windows]
[2018.01.26-21.19.26:771][  0]LogInit: Computer: GLADOS
[2018.01.26-21.19.26:771][  0]LogInit: User: Christian
[2018.01.26-21.19.26:771][  0]LogInit: CPU Page size=4096, Cores=4
[2018.01.26-21.19.26:771][  0]LogInit: High frequency timer resolution =2.742189 MHz
[2018.01.26-21.19.26:771][  0]LogMemory: Memory total: Physical=24.0GB (24GB approx)
[2018.01.26-21.19.26:771][  0]LogMemory: Platform Memory Stats for Windows
[2018.01.26-21.19.26:771][  0]LogMemory: Process Physical Memory: 273.49 MB used, 273.49 MB peak
[2018.01.26-21.19.26:771][  0]LogMemory: Process Virtual Memory: 260.99 MB used, 260.99 MB peak
[2018.01.26-21.19.26:771][  0]LogMemory: Physical Memory: 2586.26 MB used,  21942.95 MB free, 24529.21 MB total
[2018.01.26-21.19.26:771][  0]LogMemory: Virtual Memory: 676.35 MB used,  21942.95 MB free, 134217728.00 MB total
[2018.01.26-21.19.26:829][  0]LogInit: Using OS detected language (en-US).
[2018.01.26-21.19.26:829][  0]LogInit: Using OS detected locale (en-US).
[2018.01.26-21.19.26:831][  0]LogTextLocalizationManager: No specific localization for 'en-US' exists, so the 'en' localization will be used.
[2018.01.26-21.19.27:605][  0]LogD3D11RHI: D3D11 adapters:
[2018.01.26-21.19.28:174][  0]LogD3D11RHI:    0. 'NVIDIA GeForce GTX 1060' (Feature Level 11_0)
[2018.01.26-21.19.28:174][  0]LogD3D11RHI:       2981/0/12264 MB DedicatedVideo/DedicatedSystem/SharedSystem, Outputs:2, VendorId:0x10de
[2018.01.26-21.19.28:176][  0]LogD3D11RHI:    1. 'Microsoft Basic Render Driver' (Feature Level 11_0)
[2018.01.26-21.19.28:176][  0]LogD3D11RHI:       0/0/12264 MB DedicatedVideo/DedicatedSystem/SharedSystem, Outputs:0, VendorId:0x1414
[2018.01.26-21.19.28:176][  0]LogD3D11RHI: Chosen D3D11 Adapter: 0
[2018.01.26-21.19.28:182][  0]LogD3D11RHI: Creating new Direct3DDevice
[2018.01.26-21.19.28:182][  0]LogD3D11RHI:     GPU DeviceId: 0x1c20 (for the marketing name, search the web for "GPU Device Id")
[2018.01.26-21.19.28:182][  0]LogWindows: EnumDisplayDevices:
[2018.01.26-21.19.28:182][  0]LogWindows:    0. 'NVIDIA GeForce GTX 1060' (P:1 D:1)
[2018.01.26-21.19.28:182][  0]LogWindows:    1. 'NVIDIA GeForce GTX 1060' (P:0 D:1)
[2018.01.26-21.19.28:182][  0]LogWindows:    2. 'NVIDIA GeForce GTX 1060' (P:0 D:0)
[2018.01.26-21.19.28:182][  0]LogWindows:    3. 'NVIDIA GeForce GTX 1060' (P:0 D:0)
[2018.01.26-21.19.28:182][  0]LogWindows: DebugString: GetVideoDriverDetailsInvalid PrimaryIsNotTheChoosenAdapter GetVideoDriverDetailsInvalid PrimaryIsNotTheChoosenAdapter GetVideoDriverDetailsInvalid PrimaryIsNotTheChoosenAdapter GetVideoDriverDetailsInvalid PrimaryIsNotTheChoosenAdapter FoundDriverCount:0 
[2018.01.26-21.19.28:182][  0]LogD3D11RHI:     Adapter Name: NVIDIA GeForce GTX 1060
[2018.01.26-21.19.28:182][  0]LogD3D11RHI:   Driver Version: Unknown (internal:Unknown, unified:Unknown)
[2018.01.26-21.19.28:182][  0]LogD3D11RHI:      Driver Date: Unknown
[2018.01.26-21.19.28:182][  0]LogRHI: Texture pool is 1361 MB (70% of 1945 MB)
[2018.01.26-21.19.28:711][  0]LogD3D11RHI: Async texture creation enabled
[2018.01.26-21.19.28:750][  0]LogD3D11RHI: GPU Timing Frequency: 1000.000000 (Debug: 2 1)
[2018.01.26-21.19.28:842][  0]LogShaderCompilers: Guid format shader working directory is 32 characters bigger than the processId version (D:/GitHub/ProgGame/Intermediate/Shaders/WorkingDirectory/3872/).
[2018.01.26-21.19.28:842][  0]LogShaderCompilers: Cleaned the shader compiler working directory 'C:/Users/Christian/AppData/Local/Temp/UnrealShaderWorkingDir/A8472A53491D02CA754A76A0BC70BB61/'.
[2018.01.26-21.19.28:842][  0]LogShaderCompilers:Display: Using Local Shader Compiler.
[2018.01.26-21.19.29:715][  0]LogTemp:Display: Loaded TP AllDesktopTargetPlatform
[2018.01.26-21.19.29:761][  0]LogTemp:Display: Loaded TP MacClientTargetPlatform
[2018.01.26-21.19.29:804][  0]LogTemp:Display: Loaded TP MacNoEditorTargetPlatform
[2018.01.26-21.19.29:847][  0]LogTemp:Display: Loaded TP MacServerTargetPlatform
[2018.01.26-21.19.29:888][  0]LogTemp:Display: Loaded TP MacTargetPlatform
[2018.01.26-21.19.29:929][  0]LogTemp:Display: Loaded TP WindowsClientTargetPlatform
[2018.01.26-21.19.29:971][  0]LogTemp:Display: Loaded TP WindowsNoEditorTargetPlatform
[2018.01.26-21.19.30:013][  0]LogTemp:Display: Loaded TP WindowsServerTargetPlatform
[2018.01.26-21.19.30:048][  0]LogTemp:Display: Loaded TP WindowsTargetPlatform
[2018.01.26-21.19.30:087][  0]LogTemp:Display: Loaded TP AndroidTargetPlatform
[2018.01.26-21.19.30:127][  0]LogTemp:Display: Loaded TP Android_ASTCTargetPlatform
[2018.01.26-21.19.30:171][  0]LogTemp:Display: Loaded TP Android_ATCTargetPlatform
[2018.01.26-21.19.30:211][  0]LogTemp:Display: Loaded TP Android_DXTTargetPlatform
[2018.01.26-21.19.30:253][  0]LogTemp:Display: Loaded TP Android_ETC1TargetPlatform
[2018.01.26-21.19.30:294][  0]LogTemp:Display: Loaded TP Android_ETC2TargetPlatform
[2018.01.26-21.19.30:373][  0]LogTemp:Display: Loaded TP Android_MultiTargetPlatform
[2018.01.26-21.19.30:373][  0]LogTemp:Display: Loaded TP Android_PVRTCTargetPlatform
[2018.01.26-21.19.30:406][  0]LogTemp:Display: Loaded TP HTML5TargetPlatform
[2018.01.26-21.19.30:485][  0]LogTemp:Display: Loaded TP IOSTargetPlatform
[2018.01.26-21.19.30:512][  0]LogTemp:Display: Loaded TP TVOSTargetPlatform
[2018.01.26-21.19.30:554][  0]LogTemp:Display: Loaded TP LinuxClientTargetPlatform
[2018.01.26-21.19.30:595][  0]LogTemp:Display: Loaded TP LinuxNoEditorTargetPlatform
[2018.01.26-21.19.30:635][  0]LogTemp:Display: Loaded TP LinuxServerTargetPlatform
[2018.01.26-21.19.30:676][  0]LogTemp:Display: Loaded TP LinuxTargetPlatform
[2018.01.26-21.19.30:676][  0]LogTargetPlatformManager:Display: Building Assets For Windows
[2018.01.26-21.19.31:080][  0]LogDerivedDataCache:Display: Max Cache Size: 512 MB
[2018.01.26-21.19.31:148][  0]LogDerivedDataCache: Loaded boot cache 0.07s 90MB C:/Users/Christian/AppData/Local/UnrealEngine/4.16/DerivedDataCache/Boot.ddc.
[2018.01.26-21.19.31:148][  0]LogDerivedDataCache:Display: Loaded Boot cache: C:/Users/Christian/AppData/Local/UnrealEngine/4.16/DerivedDataCache/Boot.ddc
[2018.01.26-21.19.31:149][  0]LogDerivedDataCache: FDerivedDataBackendGraph:  Pak pak cache file D:/GitHub/ProgGame/DerivedDataCache/DDC.ddp not found, will not use a pak cache.
[2018.01.26-21.19.31:149][  0]LogDerivedDataCache: Unable to find inner node Pak for hierarchical cache Hierarchy.
[2018.01.26-21.19.31:149][  0]LogDerivedDataCache: FDerivedDataBackendGraph:  CompressedPak pak cache file D:/GitHub/ProgGame/DerivedDataCache/Compressed.ddp not found, will not use a pak cache.
[2018.01.26-21.19.31:149][  0]LogDerivedDataCache: Unable to find inner node CompressedPak for hierarchical cache Hierarchy.
[2018.01.26-21.19.31:163][  0]LogDerivedDataCache:Display: Pak cache opened for reading ../../../Engine/DerivedDataCache/Compressed.ddp.
[2018.01.26-21.19.31:174][  0]LogDerivedDataCache: Using Local data cache path C:/Users/Christian/AppData/Local/UnrealEngine/Common/DerivedDataCache: Writable
[2018.01.26-21.19.31:182][  0]LogMaterial: Verifying Global Shaders for PCD3D_SM5
[2018.01.26-21.19.31:183][  0]LogSlate: Using Freetype 2.6.0
[2018.01.26-21.19.31:184][  0]LogSlate: SlateFontCache - WITH_FREETYPE: 1, WITH_HARFBUZZ: 1
[2018.01.26-21.19.31:184][  0]LogSlate: SlateFontCache - WITH_FREETYPE: 1, WITH_HARFBUZZ: 1
[2018.01.26-21.19.31:446][  0]LogInit: Selected Device Profile: [Windows]
[2018.01.26-21.19.31:504][  0]LogContentStreaming: Texture pool size is 0.00 MB
[2018.01.26-21.19.31:641][  0]LogMeshUtilities: Using QuadricMeshReduction for automatic static mesh reduction
[2018.01.26-21.19.31:678][  0]LogSimplygon: Simplygon DLL not present - disabling.
[2018.01.26-21.19.31:716][  0]LogMeshUtilities: Using SimplygonSwarm for distributed automatic mesh merging
[2018.01.26-21.19.31:716][  0]LogMeshUtilities: No automatic skeletal mesh reduction module available
[2018.01.26-21.19.31:716][  0]LogMeshUtilities: No automatic mesh merging module available
[2018.01.26-21.19.32:235][  0]LogNetVersion: ProgGame , NetCL: 3452394, EngineNetVer: 2, GameNetVer: 0 (Checksum: 3073506959)
[2018.01.26-21.19.32:293][  0]LogAssetRegistry: FAssetRegistry took 0.0257 seconds to start up
[2018.01.26-21.19.32:345][  0]LogPackageLocalizationCache: Processed 4 localized package path(s) for 2 prioritized culture(s) in 0.032680 seconds
[2018.01.26-21.19.32:349][  0]LogUObjectArray: 34194 objects as part of root set at end of initial load.
[2018.01.26-21.19.32:349][  0]LogUObjectAllocator: 7260416 out of 0 bytes used by permanent object pool.
[2018.01.26-21.19.32:349][  0]LogUObjectArray: CloseDisregardForGC: 0/0 objects in disregard for GC pool
[2018.01.26-21.19.32:406][  0]LogInit: WinSock: version 1.1 (2.2), MaxSocks=32767, MaxUdp=65467
[2018.01.26-21.19.34:400][  0]LogTcpMessaging: Initializing TcpMessaging bridge
[2018.01.26-21.19.34:433][  0]LogUdpMessaging: Initializing bridge on interface 0.0.0.0:0 to multicast group 230.0.0.1:6666.
[2018.01.26-21.19.34:893][  0]LogMaterial: Uniform references updated for custom material expression Custom.
[2018.01.26-21.19.35:244][  0]SourceControl: Info Source control is disabled
[2018.01.26-21.19.35:245][  0]SourceControl: Info Source control is disabled
[2018.01.26-21.19.35:283][  0]SourceControl: Info Source control is disabled
[2018.01.26-21.19.35:321][  0]SourceControl: Info Source control is disabled
[2018.01.26-21.19.35:868][  0]LogAndroidPermission: UAndroidPermissionCallbackProxy::GetInstance
[2018.01.26-21.19.36:371][  0]LogEngine: Initializing Engine...
[2018.01.26-21.19.36:371][  0]LogHMD: Failed to initialize OpenVR with code 110
[2018.01.26-21.19.36:538][  0]LogStats: UGameplayTagsManager::ConstructGameplayTagTree: Construct from data asset -  0.000 s
[2018.01.26-21.19.36:538][  0]LogStats: UGameplayTagsManager::ConstructGameplayTagTree: GameplayTagTreeChangedEvent.Broadcast -  0.000 s
[2018.01.26-21.19.36:652][  0]LogAIModule: Creating AISystem for world Untitled
[2018.01.26-21.19.36:659][  0]LogInit: XAudio2 using 'S271HL-8 (2- NVIDIA High Definition Audio)' : 2 channels at 48 kHz using 16 bits per sample (channel mask 0x3)
[2018.01.26-21.19.36:686][  0]LogInit: FAudioDevice initialized.
[2018.01.26-21.19.36:725][  0]LogDerivedDataCache: Saved boot cache 0.04s 90MB C:/Users/Christian/AppData/Local/UnrealEngine/4.16/DerivedDataCache/Boot.ddc.
[2018.01.26-21.19.36:733][  0]LogInit: Texture streaming: Enabled
[2018.01.26-21.19.36:813][  0]LogEngineSessionManager: EngineSessionManager initialized
[2018.01.26-21.19.37:032][  0]LogInit: Transaction tracking system initialized
[2018.01.26-21.19.37:322][  0]BlueprintLog: New page: Editor Load
[2018.01.26-21.19.38:184][  0]LocalizationService: Info Localization service is disabled
[2018.01.26-21.19.38:887][  0]LogConsoleResponse:Display: 
[2018.01.26-21.19.39:069][  0]LogCook:Display: Max memory allowance for cook 16384mb min free memory 0mb
[2018.01.26-21.19.39:069][  0]LogCook:Display: Mobile HDR setting 1
[2018.01.26-21.19.40:065][  0]LogFileCache: Scanning file cache for directory 'D:/GitHub/ProgGame/Content/' took 0.04s
[2018.01.26-21.19.40:116][  0]SourceControl: Info Source control is disabled
[2018.01.26-21.19.40:116][  0]Cmd: MAP LOAD FILE="D:/GitHub/ProgGame/Content/Game/Maps/OverWorld.umap" TEMPLATE=0 SHOWPROGRESS=1 FEATURELEVEL=3
[2018.01.26-21.19.40:151][  0]LightingResults: New page: Lighting Build
[2018.01.26-21.19.40:192][  0]MapCheck: New page: Map Check
[2018.01.26-21.19.40:192][  0]LightingResults: New page: Lighting Build
[2018.01.26-21.19.40:588][  0]LogAIModule: Creating AISystem for world OverWorld
[2018.01.26-21.19.40:593][  0]LogEditorServer: Finished looking for orphan Actors (0.000 secs)
[2018.01.26-21.19.40:610][  0]Cmd: MAP CHECKDEP NOCLEARLOG
[2018.01.26-21.19.40:660][  0]MapCheck: Info Map check complete: 0 Error(s), 0 Warning(s), took 49.695ms to complete.
[2018.01.26-21.19.40:660][  0]LogFileHelpers: Loading map 'OverWorld' took 0.544
[2018.01.26-21.19.40:755][  0]LogCollectionManager: Loaded 0 collections in 0.001491 seconds
[2018.01.26-21.19.40:832][  0]LogFileCache: Scanning file cache for directory 'D:/GitHub/ProgGame/Saved/Collections/' took 0.01s
[2018.01.26-21.19.40:832][  0]LogFileCache: Scanning file cache for directory 'D:/GitHub/ProgGame/Content/Developers/Christian/Collections/' took 0.01s
[2018.01.26-21.19.40:832][  0]LogFileCache: Scanning file cache for directory 'D:/GitHub/ProgGame/Content/Collections/' took 0.01s
[2018.01.26-21.19.40:832][  0]LogCollectionManager: Rebuilt the GUID cache for 0 collections in 0.000002 seconds
[2018.01.26-21.19.40:840][  0]LogContentBrowser: Native class hierarchy populated in 0.0081 seconds. Added 2329 classes and 491 folders.
[2018.01.26-21.19.40:901][  0]LogContentBrowser: Native class hierarchy updated for 'WidgetCarousel' in 0.0005 seconds. Added 0 classes and 0 folders.
[2018.01.26-21.19.40:933][  0]LogContentBrowser: Native class hierarchy updated for 'AddContentDialog' in 0.0006 seconds. Added 0 classes and 0 folders.
[2018.01.26-21.19.41:015][  0]LogContentBrowser: Native class hierarchy updated for 'SceneOutliner' in 0.0007 seconds. Added 1 classes and 2 folders.
[2018.01.26-21.19.41:093][  0]LogCrashTracker: Crashtracker disabled due to settings.
[2018.01.26-21.19.41:096][  0]LogSlate: Took 0.000232 seconds to synchronously load lazily loaded font '../../../Engine/Content/Slate/Fonts/Roboto-Regular.ttf' (155K)
[2018.01.26-21.19.41:099][  0]LogSlate: Took 0.000217 seconds to synchronously load lazily loaded font '../../../Engine/Content/Slate/Fonts/Roboto-Bold.ttf' (160K)
[2018.01.26-21.19.41:100][  0]LogSlate: Took 0.000274 seconds to synchronously load lazily loaded font '../../../Engine/Content/Editor/Slate/Fonts/FontAwesome.ttf' (139K)
[2018.01.26-21.19.41:196][  0]LogRenderer: Reallocating scene render targets to support 1208x924 NumSamples 1 (Frame:1).
[2018.01.26-21.19.41:298][  0]LogUObjectGlobals:Warning: Failed to find object 'Class None.'
[2018.01.26-21.19.41:367][  0]LogContentBrowser: Native class hierarchy updated for 'HierarchicalLODOutliner' in 0.0005 seconds. Added 1 classes and 2 folders.
[2018.01.26-21.19.41:368][  0]LogLoad: (Engine Initialization) Total time: 16.47 seconds
[2018.01.26-21.19.41:368][  0]LogLoad: (Engine Initialization) Total Blueprint compile time: 0.11 seconds
[2018.01.26-21.19.41:368][  0]LogExternalProfiler: No external profilers were discovered.  External profiling features will not be available.
[2018.01.26-21.19.41:707][  0]LogOcInput: OculusInput pre-init called
[2018.01.26-21.19.41:707][  0]LogHMD: Starting GearVRController plugin
[2018.01.26-21.19.41:726][  0]LogContentStreaming: Texture pool size now 1000 MB
[2018.01.26-21.19.42:050][  1]LogAssetRegistry: Asset discovery search completed in 9.7794 seconds
[2018.01.26-21.19.42:052][  1]LogCollectionManager: Rebuilt the object cache for 0 collections in 0.000001 seconds (found 0 objects)
[2018.01.26-21.19.42:052][  1]LogCollectionManager: Fixed up redirectors for 0 collections in 0.000045 seconds (updated 0 objects)
[2018.01.26-21.19.46:332][291]LogTemp: Repeting last play command: New Editor Window (PIE)
[2018.01.26-21.19.46:441][291]LogPlayLevel: PlayLevel: No blueprints needed recompiling
[2018.01.26-21.19.46:441][291]PIE: New page: PIE session: OverWorld (Jan 26, 2018, 11:19:46 AM)
[2018.01.26-21.19.46:441][291]LogPlayLevel: Creating play world package: /Game/Game/Maps/UEDPIE_0_OverWorld
[2018.01.26-21.19.46:443][291]LogPlayLevel: PIE: StaticDuplicateObject took: (0.001027s)
[2018.01.26-21.19.46:443][291]LogAIModule: Creating AISystem for world OverWorld
[2018.01.26-21.19.46:443][291]LogPlayLevel: PIE: World Init took: (0.000610s)
[2018.01.26-21.19.46:443][291]LogPlayLevel: PIE: Created PIE world by copying editor world from /Game/Game/Maps/OverWorld.OverWorld to /Game/Game/Maps/UEDPIE_0_OverWorld.OverWorld (0.001775s)
[2018.01.26-21.19.46:456][291]LogInit: XAudio2 using 'S271HL-8 (2- NVIDIA High Definition Audio)' : 2 channels at 48 kHz using 16 bits per sample (channel mask 0x3)
[2018.01.26-21.19.46:463][291]LogInit: FAudioDevice initialized.
[2018.01.26-21.19.46:526][291]LogLoad: Game class is 'ProgGame_GM_C'
[2018.01.26-21.19.46:529][291]LogWorld: Bringing World /Game/Game/Maps/UEDPIE_0_OverWorld.OverWorld up for play (max tick rate 0) at 2018.01.26-16.19.46
[2018.01.26-21.19.46:530][291]LogWorld: Bringing up level for play took: 0.001398
[2018.01.26-21.19.46:569][291]LogContentBrowser: Native class hierarchy updated for 'MovieSceneCapture' in 0.0005 seconds. Added 11 classes and 0 folders.
[2018.01.26-21.19.46:574][291]PIE: Info Play in editor start time for /Game/Game/Maps/UEDPIE_0_OverWorld 0.832
[2018.01.26-21.19.46:607][291]LogRenderer: Reallocating scene render targets to support 1292x924 NumSamples 1 (Frame:1).
[2018.01.26-21.19.47:852][434]LogScriptCore:Warning: Script Msg: Attempted to remove an item from an invalid index from array Tags [0/0]!
[2018.01.26-21.20.29:851][319]LogWindowsTextInputMethodSystem:Display: IME system now deactivated.
[2018.01.26-21.20.30:018][320]Cmd: QUIT_EDITOR
[2018.01.26-21.20.30:606][320]LogExit: Preparing to exit.
[2018.01.26-21.20.31:577][320]LogExit: Editor shut down
[2018.01.26-21.20.31:579][320]LogExit: Transaction tracking system shut down
[2018.01.26-21.20.31:619][320]LogObj: Freed 0b from 0 cluster array pools.
[2018.01.26-21.20.31:619][320]LogExit: Object subsystem successfully closed.
[2018.01.26-21.20.31:634][320]LogD3D11RHI: Shutdown
[2018.01.26-21.20.31:634][320]LogD3D11RHI: CleanupD3DDevice
[2018.01.26-21.20.31:692][320]LogD3D11RHI: ~FD3D11DynamicRHI
[2018.01.26-21.20.31:703][320]LogModuleManager: Shutting down and abandoning module MovieSceneCapture (526)
[2018.01.26-21.20.31:703][320]LogModuleManager: Shutting down and abandoning module HierarchicalLODOutliner (524)
[2018.01.26-21.20.31:703][320]LogModuleManager: Shutting down and abandoning module CrashTracker (522)
[2018.01.26-21.20.31:703][320]LogModuleManager: Shutting down and abandoning module SceneOutliner (520)
[2018.01.26-21.20.31:703][320]LogModuleManager: Shutting down and abandoning module AddContentDialog (518)
[2018.01.26-21.20.31:703][320]LogDirectoryWatcher: A directory notification for 'C:/Program Files/Epic Games/UE_4.16/FeaturePacks/' was aborted.
[2018.01.26-21.20.31:704][320]LogModuleManager: Shutting down and abandoning module WidgetCarousel (517)
[2018.01.26-21.20.31:704][320]LogModuleManager: Shutting down and abandoning module EditorWidgets (514)
[2018.01.26-21.20.31:704][320]LogModuleManager: Shutting down and abandoning module CollectionManager (512)
[2018.01.26-21.20.31:704][320]LogDirectoryWatcher: A directory notification for 'D:/GitHub/ProgGame/Content/Collections/' was aborted.
[2018.01.26-21.20.31:704][320]LogDirectoryWatcher: A directory notification for 'D:/GitHub/ProgGame/Content/Developers/Christian/Collections/' was aborted.
[2018.01.26-21.20.31:704][320]LogDirectoryWatcher: A directory notification for 'D:/GitHub/ProgGame/Saved/Collections/' was aborted.
[2018.01.26-21.20.31:704][320]LogModuleManager: Shutting down and abandoning module StatsViewer (510)
[2018.01.26-21.20.31:704][320]LogModuleManager: Shutting down and abandoning module FoliageEdit (508)
[2018.01.26-21.20.31:704][320]LogModuleManager: Shutting down and abandoning module LandscapeEditor (506)
[2018.01.26-21.20.31:704][320]LogModuleManager: Shutting down and abandoning module MeshPaintMode (504)
[2018.01.26-21.20.31:704][320]LogModuleManager: Shutting down and abandoning module SceneDepthPickerMode (502)
[2018.01.26-21.20.31:704][320]LogModuleManager: Shutting down and abandoning module ActorPickerMode (500)
[2018.01.26-21.20.31:704][320]LogModuleManager: Shutting down and abandoning module GeometryMode (498)
[2018.01.26-21.20.31:704][320]LogModuleManager: Shutting down and abandoning module TextureAlignMode (496)
[2018.01.26-21.20.31:704][320]LogModuleManager: Shutting down and abandoning module BspMode (494)
[2018.01.26-21.20.31:704][320]LogModuleManager: Shutting down and abandoning module HardwareSurvey (492)
[2018.01.26-21.20.31:704][320]LogModuleManager: Shutting down and abandoning module SequenceRecorderSections (490)
[2018.01.26-21.20.31:704][320]LogModuleManager: Shutting down and abandoning module AutomationWorker (488)
[2018.01.26-21.20.31:704][320]LogModuleManager: Shutting down and abandoning module MatineeToLevelSequence (486)
[2018.01.26-21.20.31:704][320]LogModuleManager: Shutting down and abandoning module LevelSequenceEditor (484)
[2018.01.26-21.20.31:704][320]LogModuleManager: Shutting down and abandoning module PlacementMode (483)
[2018.01.26-21.20.31:704][320]LogModuleManager: Shutting down and abandoning module WmfMediaFactory (480)
[2018.01.26-21.20.31:704][320]LogModuleManager: Shutting down and abandoning module WmfMediaEditor (478)
[2018.01.26-21.20.31:704][320]LogModuleManager: Shutting down and abandoning module AvfMediaFactory (476)
[2018.01.26-21.20.31:704][320]LogModuleManager: Shutting down and abandoning module AvfMediaEditor (474)
[2018.01.26-21.20.31:704][320]LogModuleManager: Shutting down and abandoning module AndroidMediaFactory (472)
[2018.01.26-21.20.31:705][320]LogModuleManager: Shutting down and abandoning module Media (471)
[2018.01.26-21.20.31:705][320]LogModuleManager: Shutting down and abandoning module AndroidMediaEditor (468)
[2018.01.26-21.20.31:705][320]LogModuleManager: Shutting down and abandoning module CharacterAI (466)
[2018.01.26-21.20.31:705][320]LogModuleManager: Shutting down and abandoning module AudioCapture (464)
[2018.01.26-21.20.31:705][320]LogModuleManager: Shutting down and abandoning module SequenceRecorder (463)
[2018.01.26-21.20.31:705][320]LogModuleManager: Shutting down and abandoning module SmartSnapping (460)
[2018.01.26-21.20.31:705][320]LogModuleManager: Shutting down and abandoning module SessionServices (458)
[2018.01.26-21.20.31:705][320]LogModuleManager: Shutting down and abandoning module ViewportSnapping (456)
[2018.01.26-21.20.31:705][320]LogModuleManager: Shutting down and abandoning module ViewportInteraction (454)
[2018.01.26-21.20.31:705][320]LogModuleManager: Shutting down and abandoning module ClothPainter (452)
[2018.01.26-21.20.31:705][320]LogModuleManager: Shutting down and abandoning module LogVisualizer (450)
[2018.01.26-21.20.31:705][320]LogModuleManager: Shutting down and abandoning module IntroTutorials (448)
[2018.01.26-21.20.31:705][320]LogModuleManager: Shutting down and abandoning module GameProjectGeneration (447)
[2018.01.26-21.20.31:705][320]LogModuleManager: Shutting down and abandoning module EditorLiveStreaming (444)
[2018.01.26-21.20.31:705][320]LogModuleManager: Shutting down and abandoning module IOSPlatformEditor (442)
[2018.01.26-21.20.31:705][320]LogModuleManager: Shutting down and abandoning module HTML5PlatformEditor (440)
[2018.01.26-21.20.31:705][320]LogModuleManager: Shutting down and abandoning module AndroidPlatformEditor (438)
[2018.01.26-21.20.31:705][320]LogModuleManager: Shutting down and abandoning module AndroidDeviceDetection (437)
[2018.01.26-21.20.32:548][320]LogModuleManager: Shutting down and abandoning module IOSRuntimeSettings (434)
[2018.01.26-21.20.32:548][320]LogModuleManager: Shutting down and abandoning module AndroidRuntimeSettings (432)
[2018.01.26-21.20.32:548][320]LogModuleManager: Shutting down and abandoning module InputBindingEditor (430)
[2018.01.26-21.20.32:548][320]LogModuleManager: Shutting down and abandoning module MergeActors (428)
[2018.01.26-21.20.32:548][320]LogModuleManager: Shutting down and abandoning module SizeMap (426)
[2018.01.26-21.20.32:548][320]LogModuleManager: Shutting down and abandoning module TreeMap (424)
[2018.01.26-21.20.32:548][320]LogModuleManager: Shutting down and abandoning module ReferenceViewer (422)
[2018.01.26-21.20.32:548][320]LogModuleManager: Shutting down and abandoning module LocalizationDashboard (420)
[2018.01.26-21.20.32:548][320]LogModuleManager: Shutting down and abandoning module LocalizationService (419)
[2018.01.26-21.20.32:548][320]LogModuleManager: Shutting down and abandoning module HardwareTargeting (416)
[2018.01.26-21.20.32:548][320]LogModuleManager: Shutting down and abandoning module DeviceProfileEditor (414)
[2018.01.26-21.20.32:548][320]LogModuleManager: Shutting down and abandoning module UndoHistory (412)
[2018.01.26-21.20.32:548][320]LogModuleManager: Shutting down and abandoning module UserFeedback (410)
[2018.01.26-21.20.32:548][320]LogModuleManager: Shutting down and abandoning module XmlParser (408)
[2018.01.26-21.20.32:548][320]LogModuleManager: Shutting down and abandoning module Blutility (406)
[2018.01.26-21.20.32:548][320]LogModuleManager: Shutting down and abandoning module ProjectSettingsViewer (404)
[2018.01.26-21.20.32:548][320]LogModuleManager: Shutting down and abandoning module ProjectTargetPlatformEditor (403)
[2018.01.26-21.20.32:548][320]LogModuleManager: Shutting down and abandoning module EditorSettingsViewer (400)
[2018.01.26-21.20.32:548][320]LogModuleManager: Shutting down and abandoning module SettingsEditor (398)
[2018.01.26-21.20.32:548][320]LogModuleManager: Shutting down and abandoning module ProjectLauncher (396)
[2018.01.26-21.20.32:548][320]LogModuleManager: Shutting down and abandoning module SessionFrontend (394)
[2018.01.26-21.20.32:548][320]LogModuleManager: Shutting down and abandoning module ProfilerClient (392)
[2018.01.26-21.20.32:548][320]LogModuleManager: Shutting down and abandoning module DeviceManager (390)
[2018.01.26-21.20.32:548][320]LogModuleManager: Shutting down and abandoning module TargetDeviceServices (389)
[2018.01.26-21.20.32:603][320]LogModuleManager: Shutting down and abandoning module AutomationController (386)
[2018.01.26-21.20.32:603][320]LogModuleManager: Shutting down and abandoning module AutomationWindow (384)
[2018.01.26-21.20.32:603][320]LogModuleManager: Shutting down and abandoning module Layers (382)
[2018.01.26-21.20.32:603][320]LogModuleManager: Shutting down and abandoning module ComponentVisualizers (380)
[2018.01.26-21.20.32:603][320]LogModuleManager: Shutting down and abandoning module DetailCustomizations (378)
[2018.01.26-21.20.32:603][320]LogModuleManager: Shutting down and abandoning module PackagesDialog (376)
[2018.01.26-21.20.32:603][320]LogModuleManager: Shutting down and abandoning module Persona (374)
[2018.01.26-21.20.32:603][320]LogModuleManager: Shutting down and abandoning module AdvancedPreviewScene (373)
[2018.01.26-21.20.32:603][320]LogModuleManager: Shutting down and abandoning module AnimGraph (371)
[2018.01.26-21.20.32:603][320]LogModuleManager: Shutting down and abandoning module Kismet (368)
[2018.01.26-21.20.32:603][320]LogModuleManager: Shutting down and abandoning module ClassViewer (366)
[2018.01.26-21.20.32:603][320]LogModuleManager: Shutting down and abandoning module Toolbox (364)
[2018.01.26-21.20.32:603][320]LogModuleManager: Shutting down and abandoning module ModuleUI (362)
[2018.01.26-21.20.32:603][320]LogModuleManager: Shutting down and abandoning module MovieSceneTools (360)
[2018.01.26-21.20.32:603][320]LogModuleManager: Shutting down and abandoning module OutputLog (358)
[2018.01.26-21.20.32:603][320]LogModuleManager: Shutting down and abandoning module GammaUI (356)
[2018.01.26-21.20.32:603][320]LogModuleManager: Shutting down and abandoning module Documentation (354)
[2018.01.26-21.20.32:603][320]LogModuleManager: Shutting down and abandoning module MovieSceneTracks (352)
[2018.01.26-21.20.32:603][320]LogModuleManager: Shutting down and abandoning module MovieScene (350)
[2018.01.26-21.20.32:603][320]LogModuleManager: Shutting down and abandoning module Niagara (348)
[2018.01.26-21.20.32:603][320]LogModuleManager: Shutting down and abandoning module NiagaraEditor (347)
[2018.01.26-21.20.32:603][320]LogModuleManager: Shutting down and abandoning module StreamingPauseRendering (344)
[2018.01.26-21.20.32:603][320]LogModuleManager: Shutting down and abandoning module AnalyticsET (342)
[2018.01.26-21.20.32:603][320]LogModuleManager: Shutting down and abandoning module PortalServices (340)
[2018.01.26-21.20.32:603][320]LogModuleManager: Shutting down and abandoning module PortalRpc (338)
[2018.01.26-21.20.32:603][320]LogModuleManager: Shutting down and abandoning module MessagingRpc (336)
[2018.01.26-21.20.32:603][320]LogModuleManager: Shutting down and abandoning module AIModule (334)
[2018.01.26-21.20.32:603][320]LogModuleManager: Shutting down and abandoning module GameplayDebugger (333)
[2018.01.26-21.20.32:603][320]LogModuleManager: Shutting down and abandoning module AITestSuite (331)
[2018.01.26-21.20.32:603][320]LogModuleManager: Shutting down and abandoning module ProfilerService (328)
[2018.01.26-21.20.32:627][320]LogModuleManager: Shutting down and abandoning module TaskGraph (326)
[2018.01.26-21.20.32:627][320]LogModuleManager: Shutting down and abandoning module SteamVRController (324)
[2018.01.26-21.20.32:627][320]LogModuleManager: Shutting down and abandoning module SteamVR (322)
[2018.01.26-21.20.32:627][320]LogModuleManager: Shutting down and abandoning module ProceduralMeshComponentEditor (320)
[2018.01.26-21.20.32:627][320]LogModuleManager: Shutting down and abandoning module ProceduralMeshComponent (318)
[2018.01.26-21.20.32:627][320]LogModuleManager: Shutting down and abandoning module OculusLibrary (316)
[2018.01.26-21.20.32:627][320]LogModuleManager: Shutting down and abandoning module OculusInput (314)
[2018.01.26-21.20.32:627][320]LogModuleManager: Shutting down and abandoning module MobilePatchingUtils (312)
[2018.01.26-21.20.32:627][320]LogModuleManager: Shutting down and abandoning module CustomMeshComponent (310)
[2018.01.26-21.20.32:627][320]LogModuleManager: Shutting down and abandoning module CableComponent (308)
[2018.01.26-21.20.32:627][320]LogModuleManager: Shutting down and abandoning module ArchVisCharacter (306)
[2018.01.26-21.20.32:627][320]LogModuleManager: Shutting down and abandoning module AndroidPermission (304)
[2018.01.26-21.20.32:627][320]LogModuleManager: Shutting down and abandoning module MediaPlayerEditor (300)
[2018.01.26-21.20.32:627][320]LogModuleManager: Shutting down and abandoning module HTML5Networking (298)
[2018.01.26-21.20.32:627][320]LogModuleManager: Shutting down and abandoning module AlembicImporter (296)
[2018.01.26-21.20.32:627][320]LogModuleManager: Shutting down and abandoning module AlembicLibrary (295)
[2018.01.26-21.20.32:627][320]LogModuleManager: Shutting down and abandoning module GeometryCache (294)
[2018.01.26-21.20.32:627][320]LogModuleManager: Shutting down and abandoning module GeometryCacheEd (293)
[2018.01.26-21.20.32:627][320]LogModuleManager: Shutting down and abandoning module SuperSearchEditor (288)
[2018.01.26-21.20.32:627][320]LogModuleManager: Shutting down and abandoning module SuperSearch (287)
[2018.01.26-21.20.32:627][320]LogModuleManager: Shutting down and abandoning module SpeedTreeImporter (284)
[2018.01.26-21.20.32:627][320]LogModuleManager: Shutting down and abandoning module PluginBrowser (282)
[2018.01.26-21.20.32:627][320]LogModuleManager: Shutting down and abandoning module MobileLauncherProfileWizard (280)
[2018.01.26-21.20.32:627][320]LogModuleManager: Shutting down and abandoning module VisualStudioSourceCodeAccess (278)
[2018.01.26-21.20.32:627][320]LogModuleManager: Shutting down and abandoning module DesktopPlatform (277)
[2018.01.26-21.20.32:627][320]LogModuleManager: Shutting down and abandoning module UObjectPlugin (274)
[2018.01.26-21.20.32:627][320]LogModuleManager: Shutting down and abandoning module SubversionSourceControl (272)
[2018.01.26-21.20.32:627][320]LogModuleManager: Shutting down and abandoning module PerforceSourceControl (270)
[2018.01.26-21.20.32:627][320]LogModuleManager: Shutting down and abandoning module GitSourceControl (268)
[2018.01.26-21.20.32:627][320]LogModuleManager: Shutting down and abandoning module SourceControl (267)
[2018.01.26-21.20.32:627][320]LogModuleManager: Shutting down and abandoning module LightPropagationVolumeEditor (264)
[2018.01.26-21.20.32:627][320]LogModuleManager: Shutting down and abandoning module PaperTiledImporter (262)
[2018.01.26-21.20.32:627][320]LogModuleManager: Shutting down and abandoning module PaperSpriteSheetImporter (260)
[2018.01.26-21.20.32:627][320]LogModuleManager: Shutting down and abandoning module Paper2DEditor (258)
[2018.01.26-21.20.32:628][320]LogModuleManager: Shutting down and abandoning module MeshPaint (257)
[2018.01.26-21.20.32:628][320]LogModuleManager: Shutting down and abandoning module LevelEditor (255)
[2018.01.26-21.20.32:628][320]LogModuleManager: Shutting down and abandoning module PixelInspectorModule (254)
[2018.01.26-21.20.32:628][320]LogModuleManager: Shutting down and abandoning module MainFrame (252)
[2018.01.26-21.20.32:628][320]LogModuleManager: Shutting down and abandoning module HotReload (251)
[2018.01.26-21.20.32:629][320]LogModuleManager: Shutting down and abandoning module PhysXVehiclesEditor (246)
[2018.01.26-21.20.32:629][320]LogModuleManager: Shutting down and abandoning module PhysXVehicles (244)
[2018.01.26-21.20.32:629][320]LogModuleManager: Shutting down and abandoning module LocationServicesBPLibrary (242)
[2018.01.26-21.20.32:629][320]LogModuleManager: Shutting down and abandoning module ImmediatePhysicsEditor (240)
[2018.01.26-21.20.32:629][320]LogModuleManager: Shutting down and abandoning module ImmediatePhysics (238)
[2018.01.26-21.20.32:629][320]LogModuleManager: Shutting down and abandoning module UdpMessaging (236)
[2018.01.26-21.20.32:729][320]LogModuleManager: Shutting down and abandoning module TcpMessaging (234)
[2018.01.26-21.20.32:829][320]LogModuleManager: Shutting down and abandoning module GameplayTagsEditor (232)
[2018.01.26-21.20.32:829][320]LogModuleManager: Shutting down and abandoning module FacialAnimationEditor (230)
[2018.01.26-21.20.32:829][320]LogModuleManager: Shutting down and abandoning module FacialAnimation (228)
[2018.01.26-21.20.32:829][320]LogModuleManager: Shutting down and abandoning module AssetManagerEditor (226)
[2018.01.26-21.20.32:829][320]LogModuleManager: Shutting down and abandoning module GraphEditor (225)
[2018.01.26-21.20.32:829][320]LogModuleManager: Shutting down and abandoning module ContentBrowser (223)
[2018.01.26-21.20.32:829][320]LogModuleManager: Shutting down and abandoning module LightPropagationVolumeRuntime (220)
[2018.01.26-21.20.32:829][320]LogModuleManager: Shutting down and abandoning module Paper2D (218)
[2018.01.26-21.20.32:829][320]LogModuleManager: Shutting down and abandoning module WindowsMoviePlayer (216)
[2018.01.26-21.20.32:829][320]LogModuleManager: Shutting down and abandoning module WmfMedia (214)
[2018.01.26-21.20.32:831][320]LogModuleManager: Shutting down and abandoning module ClothingSystemEditor (212)
[2018.01.26-21.20.32:831][320]LogModuleManager: Shutting down and abandoning module ClothingSystemRuntime (210)
[2018.01.26-21.20.32:831][320]LogModuleManager: Shutting down and abandoning module MediaAssets (208)
[2018.01.26-21.20.32:832][320]LogModuleManager: Shutting down and abandoning module GameLiveStreaming (206)
[2018.01.26-21.20.32:832][320]LogModuleManager: Shutting down and abandoning module VREditor (204)
[2018.01.26-21.20.32:832][320]LogModuleManager: Shutting down and abandoning module StringTableEditor (202)
[2018.01.26-21.20.32:832][320]LogModuleManager: Shutting down and abandoning module GameplayTasksEditor (200)
[2018.01.26-21.20.32:832][320]LogModuleManager: Shutting down and abandoning module BehaviorTreeEditor (198)
[2018.01.26-21.20.32:832][320]LogModuleManager: Shutting down and abandoning module FunctionalTesting (196)
[2018.01.26-21.20.32:832][320]LogModuleManager: Shutting down and abandoning module CollisionAnalyzer (194)
[2018.01.26-21.20.32:832][320]LogModuleManager: Shutting down and abandoning module UMG (192)
[2018.01.26-21.20.32:832][320]LogModuleManager: Shutting down and abandoning module UMGEditor (191)
[2018.01.26-21.20.32:832][320]LogModuleManager: Shutting down and abandoning module Sequencer (190)
[2018.01.26-21.20.32:832][320]LogModuleManager: Shutting down and abandoning module AssetTools (188)
[2018.01.26-21.20.32:832][320]LogModuleManager: Shutting down and abandoning module MessageLog (187)
[2018.01.26-21.20.32:832][320]LogModuleManager: Shutting down and abandoning module WorkspaceMenuStructure (186)
[2018.01.26-21.20.32:832][320]LogModuleManager: Shutting down and abandoning module SlateReflector (180)
[2018.01.26-21.20.32:832][320]LogModuleManager: Shutting down and abandoning module Slate (178)
[2018.01.26-21.20.32:832][320]LogModuleManager: Shutting down and abandoning module EditorStyle (176)
[2018.01.26-21.20.32:834][320]LogModuleManager: Shutting down and abandoning module SourceCodeAccess (174)
[2018.01.26-21.20.32:834][320]LogModuleManager: Shutting down and abandoning module HeadMountedDisplay (172)
[2018.01.26-21.20.32:834][320]LogModuleManager: Shutting down and abandoning module XAudio2 (170)
[2018.01.26-21.20.32:834][320]LogModuleManager: Shutting down and abandoning module Networking (168)
[2018.01.26-21.20.32:834][320]LogModuleManager: Shutting down and abandoning module Core (164)
[2018.01.26-21.20.32:834][320]LogModuleManager: Shutting down and abandoning module AssetRegistry (162)
[2018.01.26-21.20.32:973][320]LogDirectoryWatcher: A directory notification for '../../../Engine/Content/' was aborted.
[2018.01.26-21.20.32:973][320]LogDirectoryWatcher: A directory notification for 'D:/GitHub/ProgGame/Content/' was aborted.
[2018.01.26-21.20.32:973][320]LogDirectoryWatcher: A directory notification for '../../../Engine/Plugins/2D/Paper2D/Content/' was aborted.
[2018.01.26-21.20.32:973][320]LogDirectoryWatcher: A directory notification for '../../../Engine/Plugins/Runtime/GearVR/Content/' was aborted.
[2018.01.26-21.20.32:975][320]LogModuleManager: Shutting down and abandoning module DirectoryWatcher (161)
[2018.01.26-21.20.32:976][320]LogModuleManager: Shutting down and abandoning module KismetCompiler (158)
[2018.01.26-21.20.32:976][320]LogModuleManager: Shutting down and abandoning module LevelSequence (156)
[2018.01.26-21.20.32:976][320]LogModuleManager: Shutting down and abandoning module PhysXFormats (154)
[2018.01.26-21.20.32:976][320]LogModuleManager: Shutting down and abandoning module MeshUtilities (152)
[2018.01.26-21.20.32:976][320]LogModuleManager: Shutting down and abandoning module SimplygonSwarm (151)
[2018.01.26-21.20.32:976][320]LogModuleManager: Shutting down and abandoning module SimplygonMeshReduction (149)
[2018.01.26-21.20.32:976][320]LogModuleManager: Shutting down and abandoning module QuadricMeshReduction (147)
[2018.01.26-21.20.32:976][320]LogModuleManager: Shutting down and abandoning module DerivedDataCache (144)
[2018.01.26-21.20.33:214][320]LogDerivedDataCache: Shutdown
[2018.01.26-21.20.33:215][320]LogModuleManager: Shutting down and abandoning module TargetPlatform (142)
[2018.01.26-21.20.33:215][320]LogModuleManager: Shutting down and abandoning module VulkanShaderFormat (141)
[2018.01.26-21.20.33:215][320]LogModuleManager: Shutting down and abandoning module ShaderFormatVectorVM (139)
[2018.01.26-21.20.33:215][320]LogModuleManager: Shutting down and abandoning module ShaderFormatOpenGL (137)
[2018.01.26-21.20.33:215][320]LogModuleManager: Shutting down and abandoning module ShaderFormatD3D (135)
[2018.01.26-21.20.33:215][320]LogModuleManager: Shutting down and abandoning module MetalShaderFormat (133)
[2018.01.26-21.20.33:215][320]LogModuleManager: Shutting down and abandoning module TextureFormatUncompressed (131)
[2018.01.26-21.20.33:215][320]LogModuleManager: Shutting down and abandoning module TextureFormatPVR (129)
[2018.01.26-21.20.33:215][320]LogModuleManager: Shutting down and abandoning module TextureFormatDXT (127)
[2018.01.26-21.20.33:215][320]LogModuleManager: Shutting down and abandoning module TextureFormatIntelISPCTexComp (125)
[2018.01.26-21.20.33:215][320]LogModuleManager: Shutting down and abandoning module TextureFormatASTC (123)
[2018.01.26-21.20.33:215][320]LogModuleManager: Shutting down and abandoning module ImageWrapper (122)
[2018.01.26-21.20.33:215][320]LogModuleManager: Shutting down and abandoning module TextureFormatAndroid (119)
[2018.01.26-21.20.33:215][320]LogModuleManager: Shutting down and abandoning module AudioFormatOpus (117)
[2018.01.26-21.20.33:215][320]LogModuleManager: Shutting down and abandoning module AudioFormatOgg (115)
[2018.01.26-21.20.33:215][320]LogModuleManager: Shutting down and abandoning module AudioFormatADPCM (113)
[2018.01.26-21.20.33:215][320]LogModuleManager: Shutting down and abandoning module LinuxTargetPlatform (111)
[2018.01.26-21.20.33:215][320]LogModuleManager: Shutting down and abandoning module LinuxServerTargetPlatform (109)
[2018.01.26-21.20.33:215][320]LogModuleManager: Shutting down and abandoning module LinuxNoEditorTargetPlatform (107)
[2018.01.26-21.20.33:215][320]LogModuleManager: Shutting down and abandoning module LinuxClientTargetPlatform (105)
[2018.01.26-21.20.33:215][320]LogModuleManager: Shutting down and abandoning module TVOSTargetPlatform (103)
[2018.01.26-21.20.33:215][320]LogModuleManager: Shutting down and abandoning module Messaging (101)
[2018.01.26-21.20.33:215][320]LogModuleManager: Shutting down and abandoning module IOSTargetPlatform (99)
[2018.01.26-21.20.33:215][320]LogModuleManager: Shutting down and abandoning module HTML5TargetPlatform (97)
[2018.01.26-21.20.33:215][320]LogModuleManager: Shutting down and abandoning module Android_PVRTCTargetPlatform (95)
[2018.01.26-21.20.33:215][320]LogModuleManager: Shutting down and abandoning module Android_MultiTargetPlatform (93)
[2018.01.26-21.20.33:215][320]LogModuleManager: Shutting down and abandoning module Android_ETC2TargetPlatform (91)
[2018.01.26-21.20.33:215][320]LogModuleManager: Shutting down and abandoning module Android_ETC1TargetPlatform (89)
[2018.01.26-21.20.33:215][320]LogModuleManager: Shutting down and abandoning module Android_DXTTargetPlatform (87)
[2018.01.26-21.20.33:215][320]LogModuleManager: Shutting down and abandoning module Android_ATCTargetPlatform (85)
[2018.01.26-21.20.33:215][320]LogModuleManager: Shutting down and abandoning module Android_ASTCTargetPlatform (83)
[2018.01.26-21.20.33:215][320]LogModuleManager: Shutting down and abandoning module AndroidTargetPlatform (81)
[2018.01.26-21.20.33:215][320]LogModuleManager: Shutting down and abandoning module WindowsTargetPlatform (79)
[2018.01.26-21.20.33:215][320]LogModuleManager: Shutting down and abandoning module WindowsServerTargetPlatform (77)
[2018.01.26-21.20.33:215][320]LogModuleManager: Shutting down and abandoning module WindowsNoEditorTargetPlatform (75)
[2018.01.26-21.20.33:215][320]LogModuleManager: Shutting down and abandoning module WindowsClientTargetPlatform (73)
[2018.01.26-21.20.33:215][320]LogModuleManager: Shutting down and abandoning module MacTargetPlatform (71)
[2018.01.26-21.20.33:215][320]LogModuleManager: Shutting down and abandoning module MacServerTargetPlatform (69)
[2018.01.26-21.20.33:215][320]LogModuleManager: Shutting down and abandoning module MacNoEditorTargetPlatform (67)
[2018.01.26-21.20.33:215][320]LogModuleManager: Shutting down and abandoning module MacClientTargetPlatform (65)
[2018.01.26-21.20.33:215][320]LogModuleManager: Shutting down and abandoning module AllDesktopTargetPlatform (63)
[2018.01.26-21.20.33:215][320]LogModuleManager: Shutting down and abandoning module InputCore (60)
[2018.01.26-21.20.33:215][320]LogModuleManager: Shutting down and abandoning module Settings (58)
[2018.01.26-21.20.33:215][320]LogModuleManager: Shutting down and abandoning module OculusRift (56)
[2018.01.26-21.20.33:215][320]LogModuleManager: Shutting down and abandoning module GearVRController (54)
[2018.01.26-21.20.33:215][320]LogModuleManager: Shutting down and abandoning module GearVR (52)
[2018.01.26-21.20.33:215][320]LogModuleManager: Shutting down and abandoning module ExampleDeviceProfileSelector (50)
[2018.01.26-21.20.33:215][320]LogModuleManager: Shutting down and abandoning module OnlineBlueprintSupport (48)
[2018.01.26-21.20.33:215][320]LogModuleManager: Shutting down and abandoning module OnlineSubsystem (44)
[2018.01.26-21.20.33:215][320]LogOnline:Display: Unloading online subsystem: NULL
[2018.01.26-21.20.33:215][320]LogModuleManager: Shutting down and abandoning module XMPP (43)
[2018.01.26-21.20.33:215][320]LogModuleManager: Shutting down and abandoning module HTTP (41)
[2018.01.26-21.20.33:215][320]LogHttp:Display: Http module shutting down, but needs to wait on 1 outstanding Http requests:
[2018.01.26-21.20.33:215][320]LogHttp:Display: 	verb=[POST] url=[https://datarouter.ol.epicgames.com/datarouter/api/v1/public/data?SessionID=%7BB7377B74-4716-E358-70BE-378A2D6073AA%7D&AppID=UEEditor.Rocket.Release&AppVersion=4.16.3-3561208%2B%2B%2BUE4%2BRelease-4.16&UserID=be15d2f341a2591c0a67769650353cac%7C7a03dd74e9a24775aa784d75d5dbc930%7C44e25403-fe93-4e74-a749-b948f5231b26&AppEnvironment=datacollector-binary&UploadType=eteventstream] status=Processing
[2018.01.26-21.20.33:245][320]LogModuleManager: Shutting down and abandoning module SSL (40)
[2018.01.26-21.20.33:246][320]LogModuleManager: Shutting down and abandoning module HTTPChunkInstaller (36)
[2018.01.26-21.20.33:246][320]LogModuleManager: Shutting down and abandoning module AnimationModifiers (34)
[2018.01.26-21.20.33:246][320]LogModuleManager: Shutting down and abandoning module PropertyEditor (33)
[2018.01.26-21.20.33:246][320]LogModuleManager: Shutting down and abandoning module AudioEditor (30)
[2018.01.26-21.20.33:246][320]LogModuleManager: Shutting down and abandoning module TextureCompressor (28)
[2018.01.26-21.20.33:246][320]LogModuleManager: Shutting down and abandoning module ShaderCore (26)
[2018.01.26-21.20.33:246][320]LogModuleManager: Shutting down and abandoning module Landscape (24)
[2018.01.26-21.20.33:246][320]LogModuleManager: Shutting down and abandoning module SlateRHIRenderer (22)
[2018.01.26-21.20.33:246][320]LogModuleManager: Shutting down and abandoning module OpenGLDrv (20)
[2018.01.26-21.20.33:246][320]LogModuleManager: Shutting down and abandoning module D3D11RHI (18)
[2018.01.26-21.20.33:246][320]LogModuleManager: Shutting down and abandoning module AnimGraphRuntime (16)
[2018.01.26-21.20.33:246][320]LogModuleManager: Shutting down and abandoning module Renderer (14)
[2018.01.26-21.20.33:246][320]LogModuleManager: Shutting down and abandoning module Engine (12)
[2018.01.26-21.20.33:246][320]LogModuleManager: Shutting down and abandoning module CoreUObject (10)
[2018.01.26-21.20.33:246][320]LogModuleManager: Shutting down and abandoning module NetworkFile (8)
[2018.01.26-21.20.33:246][320]LogModuleManager: Shutting down and abandoning module StreamingFile (6)
[2018.01.26-21.20.33:246][320]LogModuleManager: Shutting down and abandoning module SandboxFile (4)
[2018.01.26-21.20.33:246][320]LogModuleManager: Shutting down and abandoning module PakFile (2)
[2018.01.26-21.20.33:248][320]LogExit: Exiting.
[2018.01.26-21.20.33:258][320]Log file closed, 01/26/18 16:20:33
